05/04/14, 15:27:02, 4, 0, E:\Portofolio 2\completion_slip.rpt:Server has not yet been opened.
05/04/14, 15:27:34, 4, 0, E:\Portofolio 2\list_foreman.rpt:Server has not yet been opened.
05/04/14, 15:42:51, 4, 0, E:\Portofolio 2\completion_slip.rpt:Server has not yet been opened.
05/04/14, 15:43:21, 4, 0, E:\Portofolio 2\completion_slip.rpt:Server has not yet been opened.
05/04/14, 15:49:25, 4, 0, E:\Portofolio 2\completion_slip.rpt:A string is required here.
05/04/14, 15:49:59, 4, 0, E:\Portofolio 2\completion_slip.rpt:Server has not yet been opened.
05/04/14, 15:50:53, 4, 0, E:\Portofolio 2\completion_slip.rpt:A string is required here.
05/04/14, 15:53:18, 4, 0, E:\Portofolio 2\completion_slip.rpt:A string is required here.
05/05/14, 07:44:15, 4, 0, E:\Portofolio 2\completion_slip.rpt:A string is required here.
05/05/14, 07:44:50, 4, 0, E:\Portofolio 2\list_foreman.rpt:Server has not yet been opened.
05/05/14, 07:45:56, 4, 0, E:\Portofolio 2\list_foreman.rpt:A string is required here.
13/05/14, 7:57:36, 4, 0, H:\Portofolio 2\completion_slip.rpt:A string is required here.
05/05/14, 08:02:35, 4, 0, E:\Portofolio 2\completion_slip.rpt:Server has not yet been opened.
05/05/14, 08:03:35, 4, 0, E:\Portofolio 2\completion_slip.rpt:A string is required here.
05/13/14, 08:13:21, 4, 0, E:\Portofolio 2\completion_slip.rpt:A string is required here.
05/13/14, 08:18:01, 4, 0, H:\Portofolio 2\completion_slip.rpt:A string is required here.
13/05/14, 8:20:03, 4, 0, H:\Portofolio 2\completion_slip.rpt:A string is required here.
05/13/14, 08:30:28, 4, 0, H:\Portofolio 2\completion_slip.rpt:A string is required here.
2014-05-13, 8:35:22, 4, 0, H:\Portofolio 2\completion_slip.rpt:A date-time is required here.
2014-05-13, 8:40:51, 4, 0, H:\Portofolio 2\completion_slip.rpt:Server has not yet been opened.
2014-05-13, 8:42:10, 4, 0, H:\Portofolio 2\completion_slip.rpt:A string is required here.
05/13/14, 08:45:08, 4, 0, H:\Portofolio 2\completion_slip.rpt:A string is required here.
2014-05-13, 8:49:21, 4, 0, H:\Portofolio 2\completion_slip.rpt:A string is required here.
2014-05-13, 8:50:41, 4, 0, H:\Portofolio 2\completion_slip.rpt:A string is required here.
05/05/14, 08:57:00, 4, 0, E:\Portofolio 2\completion_slip.rpt:Server has not yet been opened.
05/05/14, 09:01:38, 4, 0, E:\Portofolio 2\list_foreman.rpt:Server has not yet been opened.
05/05/14, 09:05:04, 4, 0, E:\Portofolio 2\completion_slip.rpt:A string is required here.
05/13/14, 09:07:49, 4, 0, H:\Portofolio 2\completion_slip.rpt:A string is required here.
05/05/14, 09:21:24, 4, 0, E:\Portofolio 2\list_foreman.rpt:Server has not yet been opened.
05/05/14, 09:22:28, 4, 0, E:\Portofolio 2\list_foreman.rpt:A string is required here.
05/05/14, 09:26:11, 4, 0, E:\Portofolio 2\list_foreman.rpt:A string is required here.
05/13/14, 09:27:16, 4, 0, H:\Portofolio 2\completion_slip.rpt:A string is required here.
2014-05-13, 9:45:15, 4, 0, H:\Portofolio 2\completion_slip.rpt:The remaining text does not appear to be part of the formula.
2014-05-13, 9:53:10, 4, 0, H:\Portofolio 2\completion_slip.rpt:A string is required here.
2014-05-13, 10:02:46, 4, 0, H:\Portofolio 2\list_on_going.rpt:Server has not yet been opened.
2014-05-13, 10:07:04, 4, 0, H:\Portofolio 2\completion_slip.rpt:A string is required here.
2014-05-20, 9:19:32, 4, 0, D:\E-MAIL\Program PPIC\completion_slip.rpt:The remaining text does not appear to be part of the formula.
2014-05-20, 13:46:14, 4, 0, D:\E-MAIL\Program PPIC\completion_slip.rpt:Error detected by database DLL.
2014-06-04, 13:52:19, 4, 0, D:\E-MAIL\Program PPIC\list_foreman_so.rpt:Server has not yet been opened.
2014-06-04, 13:52:52, 4, 0, D:\E-MAIL\Program PPIC\list_foreman_so.rpt:This field name is not known.
07/15/15, 07:46:33, 4, 0, D:\Haste\Program\Penjadwalan Produksi old\New\Program PPIC (No Thickness)\cs.rpt:Error detected by database DLL.
10/29/15, 09:06:07, 4, 0, D:\Haste\Program\Penjadwalan Produksi old\New\Program PPIC (No Thickness)\cs.rpt:Error detected by database DLL.
01/05/16, 10:53:19, 4, 0, D:\Haste\Program\Penjadwalan Produksi old\New\Program PPIC (No Thickness)\cs.rpt:Error detected by database DLL.
01/05/16, 10:59:43, 4, 0, D:\Haste\Program\Penjadwalan Produksi old\New\Program PPIC (No Thickness)\cs.rpt:Error detected by database DLL.
20/01/2017, 15:34:42, 4, 0, D:\Programs\Penjadwalan Produksi\Source Code\Program PPIC SWG - DJG - SMG\list_foreman.rpt:Error detected by database DLL.
20/01/2017, 15:34:59, 4, 0, D:\Programs\Penjadwalan Produksi\Source Code\Program PPIC SWG - DJG - SMG\list_foreman.rpt:Error detected by database DLL.
20/01/2017, 15:36:41, 4, 0, D:\Programs\Penjadwalan Produksi\Source Code\Program PPIC SWG - DJG - SMG\list_foreman.rpt:Error detected by database DLL.
20/01/2017, 15:43:40, 4, 0, D:\Programs\Penjadwalan Produksi\Source Code\Program PPIC SWG - DJG - SMG\list_foreman.rpt:Error detected by database DLL.
20/01/2017, 15:46:34, 4, 0, D:\Programs\Penjadwalan Produksi\Source Code\Program PPIC SWG - DJG - SMG\list_foreman.rpt:Error detected by database DLL.
23/01/2017, 10:25:04, 4, 0, D:\Programs\Penjadwalan Produksi\Source Code\Program PPIC SWG - DJG - SMG\list_foreman.rpt:Error detected by database DLL.
23/01/2017, 10:25:59, 4, 0, D:\Programs\Penjadwalan Produksi\Source Code\Program PPIC SWG - DJG - SMG\list_foreman.rpt:Error detected by database DLL.
23/01/2017, 10:27:04, 4, 0, D:\Programs\Penjadwalan Produksi\Source Code\Program PPIC SWG - DJG - SMG\list_foreman.rpt:Error detected by database DLL.
23/01/2017, 10:30:43, 4, 0, D:\Programs\Penjadwalan Produksi\Source Code\Program PPIC SWG - DJG - SMG\list_foreman.rpt:Error detected by database DLL.
23/01/2017, 14:46:49, 4, 0, D:\Programs\Penjadwalan Produksi\Source Code\Program PPIC SWG - DJG - SMG\cs_DJG.rpt:Error detected by database DLL.
23/01/2017, 14:48:30, 4, 0, D:\Programs\Penjadwalan Produksi\Source Code\Program PPIC SWG - DJG - SMG\cs_DJG.rpt:Error detected by database DLL.
23/01/2017, 14:49:06, 4, 0, D:\Programs\Penjadwalan Produksi\Source Code\Program PPIC SWG - DJG - SMG\cs_DJG.rpt:Error detected by database DLL.
23/01/2017, 14:49:48, 4, 0, D:\Programs\Penjadwalan Produksi\Source Code\Program PPIC SWG - DJG - SMG\cs_DJG.rpt:Error detected by database DLL.
23/01/2017, 14:51:45, 4, 0, D:\Programs\Penjadwalan Produksi\Source Code\Program PPIC SWG - DJG - SMG\cs_djg.rpt:Error detected by database DLL.
23/01/2017, 14:53:01, 4, 0, D:\Programs\Penjadwalan Produksi\Source Code\Program PPIC SWG - DJG - SMG\cs_djg.rpt:Error detected by database DLL.
23/01/2017, 14:53:18, 4, 0, D:\Programs\Penjadwalan Produksi\Source Code\Program PPIC SWG - DJG - SMG\cs_djg.rpt:Error detected by database DLL.
23/01/2017, 14:53:46, 4, 0, D:\Programs\Penjadwalan Produksi\Source Code\Program PPIC SWG - DJG - SMG\cs_DJG.rpt:Error detected by database DLL.
24/01/2017, 13:46:51, 4, 0, D:\Programs\Penjadwalan Produksi\Source Code\Program PPIC SWG - DJG - SMG\list_foreman_djg.rpt:Error detected by database DLL.
24/01/2017, 14:42:57, 4, 0, D:\Programs\Penjadwalan Produksi\Source Code\Program PPIC SWG - DJG - SMG\list_foreman_djg.rpt:This field name is not known.
24/01/2017, 14:46:04, 4, 0, D:\Programs\Penjadwalan Produksi\Source Code\Program PPIC SWG - DJG - SMG\list_foreman_djg.rpt:This field name is not known.
24/01/2017, 14:47:36, 4, 0, D:\Programs\Penjadwalan Produksi\Source Code\Program PPIC SWG - DJG - SMG\list_foreman_djg.rpt:This field name is not known.
24/01/2017, 14:48:08, 4, 0, D:\Programs\Penjadwalan Produksi\Source Code\Program PPIC SWG - DJG - SMG\list_foreman_djg.rpt:This field name is not known.
24/01/2017, 14:48:55, 4, 0, D:\Programs\Penjadwalan Produksi\Source Code\Program PPIC SWG - DJG - SMG\list_foreman_djg.rpt:This field name is not known.
24/01/2017, 14:49:09, 4, 0, D:\Programs\Penjadwalan Produksi\Source Code\Program PPIC SWG - DJG - SMG\list_foreman_djg.rpt:A date-time is required here.
24/01/2017, 14:49:58, 4, 0, D:\Programs\Penjadwalan Produksi\Source Code\Program PPIC SWG - DJG - SMG\list_foreman_djg.rpt:A date-time is required here.
24/01/2017, 14:50:33, 4, 0, D:\Programs\Penjadwalan Produksi\Source Code\Program PPIC SWG - DJG - SMG\list_foreman.rpt:This field name is not known.
24/01/2017, 14:51:30, 4, 0, D:\Programs\Penjadwalan Produksi\Source Code\Program PPIC SWG - DJG - SMG\list_foreman_djg.rpt:A date-time is required here.
24/01/2017, 15:02:37, 4, 0, D:\Programs\Penjadwalan Produksi\Source Code\Program PPIC SWG - DJG - SMG\list_foreman_djg.rpt:A date-time is required here.
24/01/2017, 15:03:27, 4, 0, D:\Programs\Penjadwalan Produksi\Source Code\Program PPIC SWG - DJG - SMG\list_foreman_djg.rpt:A date-time is required here.
24/01/2017, 15:03:38, 4, 0, D:\Programs\Penjadwalan Produksi\Source Code\Program PPIC SWG - DJG - SMG\list_foreman_djg.rpt:This field name is not known.
24/01/2017, 15:05:01, 4, 0, D:\Programs\Penjadwalan Produksi\Source Code\Program PPIC SWG - DJG - SMG\list_foreman_djg.rpt:This field name is not known.
24/01/2017, 15:08:41, 4, 0, D:\Programs\Penjadwalan Produksi\Source Code\Program PPIC SWG - DJG - SMG\list_foreman_djg.rpt:Error detected by database DLL.
24/01/2017, 15:09:49, 4, 0, D:\Programs\Penjadwalan Produksi\Source Code\Program PPIC SWG - DJG - SMG\list_foreman_djg.rpt:A date-time is required here.
24/01/2017, 15:19:24, 4, 0, D:\Programs\Penjadwalan Produksi\Source Code\Program PPIC SWG - DJG - SMG\list_foreman_djg.rpt:A date-time is required here.
24/01/2017, 15:22:22, 4, 0, D:\Programs\Penjadwalan Produksi\Source Code\Program PPIC SWG - DJG - SMG\list_foreman_djg.rpt:A date-time is required here.
24/01/2017, 15:22:39, 4, 0, D:\Programs\Penjadwalan Produksi\Source Code\Program PPIC SWG - DJG - SMG\list_foreman_djg.rpt:A date-time is required here.
24/01/2017, 15:24:14, 4, 0, D:\Programs\Penjadwalan Produksi\Source Code\Program PPIC SWG - DJG - SMG\list_foreman_djg.rpt:This field name is not known.
24/01/2017, 15:28:05, 4, 0, D:\Programs\Penjadwalan Produksi\Source Code\Program PPIC SWG - DJG - SMG\list_foreman.rpt:This field name is not known.
24/01/2017, 15:28:31, 4, 0, D:\Programs\Penjadwalan Produksi\Source Code\Program PPIC SWG - DJG - SMG\list_foreman_djg.rpt:This field name is not known.
24/01/2017, 15:30:31, 4, 0, D:\Programs\Penjadwalan Produksi\Source Code\Program PPIC SWG - DJG - SMG\list_foreman_djg.rpt:A date-time is required here.
24/01/2017, 15:33:42, 4, 0, D:\Programs\Penjadwalan Produksi\Source Code\Program PPIC SWG - DJG - SMG\list_foreman_djg.rpt:This field name is not known.
24/01/2017, 15:34:05, 4, 0, D:\Programs\Penjadwalan Produksi\Source Code\Program PPIC SWG - DJG - SMG\list_foreman_djg.rpt:A date-time is required here.
24/01/2017, 15:34:30, 4, 0, D:\Programs\Penjadwalan Produksi\Source Code\Program PPIC SWG - DJG - SMG\list_foreman_djg.rpt:A date-time is required here.
24/01/2017, 15:35:14, 4, 0, D:\Programs\Penjadwalan Produksi\Source Code\Program PPIC SWG - DJG - SMG\list_foreman_djg.rpt:Error detected by database DLL.
24/01/2017, 15:35:44, 4, 0, D:\Programs\Penjadwalan Produksi\Source Code\Program PPIC SWG - DJG - SMG\list_foreman_djg.rpt:Error detected by database DLL.
24/01/2017, 15:37:03, 4, 0, D:\Programs\Penjadwalan Produksi\Source Code\Program PPIC SWG - DJG - SMG\list_foreman_djg.rpt:A date-time is required here.
24/01/2017, 15:39:04, 4, 0, D:\Programs\Penjadwalan Produksi\Source Code\Program PPIC SWG - DJG - SMG\list_foreman_djg.rpt:A date-time is required here.
24/01/2017, 15:42:44, 4, 0, D:\Programs\Penjadwalan Produksi\Source Code\Program PPIC SWG - DJG - SMG\list_foreman_djg.rpt:A date-time is required here.
24/01/2017, 15:43:38, 4, 0, D:\Programs\Penjadwalan Produksi\Source Code\Program PPIC SWG - DJG - SMG\list_foreman_djg.rpt:The ) is missing.
24/01/2017, 15:50:13, 4, 0, D:\Programs\Penjadwalan Produksi\Source Code\Program PPIC SWG - DJG - SMG\list_foreman.rpt:The ) is missing.
24/01/2017, 15:50:56, 4, 0, D:\Programs\Penjadwalan Produksi\Source Code\Program PPIC SWG - DJG - SMG\list_foreman.rpt:A date-time is required here.
02/01/17, 11:29:06, 4, 0, D:\Haste\Program\Penjadwalan Produksi old\New\Program PPIC SWG - DJG - SMG\list_foreman_custom.rpt:This field name is not known.
02/01/17, 11:30:35, 4, 0, D:\Haste\Program\Penjadwalan Produksi old\New\Program PPIC SWG - DJG - SMG\list_foreman_custom.rpt:This field name is not known.
02/01/17, 11:45:28, 4, 0, D:\Haste\Program\Penjadwalan Produksi old\New\Program PPIC SWG - DJG - SMG\list_foreman_custom.rpt:The remaining text does not appear to be part of the formula.
02/01/17, 11:46:23, 4, 0, D:\Haste\Program\Penjadwalan Produksi old\New\Program PPIC SWG - DJG - SMG\list_foreman_custom.rpt:The remaining text does not appear to be part of the formula.
02/01/17, 13:46:13, 4, 0, D:\Haste\Program\Penjadwalan Produksi old\New\Program PPIC SWG - DJG - SMG\list_foreman_custom.rpt:This field name is not known.
02/01/17, 13:48:40, 4, 0, D:\Haste\Program\Penjadwalan Produksi old\New\Program PPIC SWG - DJG - SMG\list_foreman_custom.rpt:This field name is not known.
02/01/17, 13:49:10, 4, 0, D:\Haste\Program\Penjadwalan Produksi old\New\Program PPIC SWG - DJG - SMG\list_foreman_custom.rpt:This field name is not known.
05/18/17, 09:43:29, 4, 0, D:\Haste\Program\Penjadwalan Produksi old\New\Copy of Copy of Program PPIC SWG - DJG - SMG qrcode scan\cs.rpt:Error detected by database DLL.
05/18/17, 14:32:20, 4, 0, D:\Haste\Program\Penjadwalan Produksi old\New\Copy of Copy of Program PPIC SWG - DJG - SMG qrcode scan\cs.rpt:A date-time is required here.
05/18/17, 14:35:10, 4, 0, D:\Haste\Program\Penjadwalan Produksi old\New\Copy of Copy of Program PPIC SWG - DJG - SMG qrcode scan\cs.rpt:A date-time is required here.
05/18/17, 14:36:21, 4, 0, D:\Haste\Program\Penjadwalan Produksi old\New\Copy of Copy of Program PPIC SWG - DJG - SMG qrcode scan\cs.rpt:A date-time is required here.
05/18/17, 15:02:31, 4, 0, D:\Haste\Program\Penjadwalan Produksi old\New\Copy of Copy of Program PPIC SWG - DJG - SMG qrcode scan\cs.rpt:A date-time is required here.
05/18/17, 15:18:56, 4, 0, D:\Haste\Program\Penjadwalan Produksi old\New\Copy of Copy of Program PPIC SWG - DJG - SMG qrcode scan\cs.rpt:A date-time is required here.
05/18/17, 15:31:22, 4, 0, D:\Haste\Program\Penjadwalan Produksi old\New\Copy of Copy of Program PPIC SWG - DJG - SMG qrcode scan\cs.rpt:The ) is missing.
05/18/17, 15:32:22, 4, 0, D:\Haste\Program\Penjadwalan Produksi old\New\Copy of Copy of Program PPIC SWG - DJG - SMG qrcode scan\cs.rpt:The ) is missing.
05/18/17, 15:35:38, 4, 0, D:\Haste\Program\Penjadwalan Produksi old\New\Copy of Copy of Program PPIC SWG - DJG - SMG qrcode scan\cs.rpt:The remaining text does not appear to be part of the formula.
05/18/17, 15:36:48, 4, 0, D:\Haste\Program\Penjadwalan Produksi old\New\Copy of Copy of Program PPIC SWG - DJG - SMG qrcode scan\cs.rpt:The remaining text does not appear to be part of the formula.
05/18/17, 15:40:50, 4, 0, D:\Haste\Program\Penjadwalan Produksi old\New\Copy of Copy of Program PPIC SWG - DJG - SMG qrcode scan\cs.rpt:The remaining text does not appear to be part of the formula.
05/18/17, 15:42:39, 4, 0, D:\Haste\Program\Penjadwalan Produksi old\New\Copy of Copy of Program PPIC SWG - DJG - SMG qrcode scan\cs.rpt:The remaining text does not appear to be part of the formula.
05/18/17, 15:43:21, 4, 0, D:\Haste\Program\Penjadwalan Produksi old\New\Copy of Copy of Program PPIC SWG - DJG - SMG qrcode scan\cs.rpt:A date-time is required here.
05/18/17, 15:44:23, 4, 0, D:\Haste\Program\Penjadwalan Produksi old\New\Copy of Copy of Program PPIC SWG - DJG - SMG qrcode scan\cs.rpt:A number, currency amount, boolean, date, time, date-time, or string is expected here.
05/18/17, 15:51:06, 4, 0, D:\Haste\Program\Penjadwalan Produksi old\New\Copy of Copy of Program PPIC SWG - DJG - SMG qrcode scan\cs.rpt:The ) is missing.
05/18/17, 15:55:56, 4, 0, D:\Haste\Program\Penjadwalan Produksi old\New\Copy of Copy of Program PPIC SWG - DJG - SMG qrcode scan\cs.rpt:The ) is missing.
05/18/17, 16:23:37, 4, 0, D:\Haste\Program\Penjadwalan Produksi old\New\Copy of Copy of Program PPIC SWG - DJG - SMG qrcode scan\cs.rpt:A string is required here.
05/18/17, 16:29:29, 4, 0, D:\Haste\Program\Penjadwalan Produksi old\New\Copy of Copy of Program PPIC SWG - DJG - SMG qrcode scan\cs.rpt:The remaining text does not appear to be part of the formula.
05/18/17, 16:30:04, 4, 0, D:\Haste\Program\Penjadwalan Produksi old\New\Copy of Copy of Program PPIC SWG - DJG - SMG qrcode scan\cs.rpt:The remaining text does not appear to be part of the formula.
31-05-2017, 9:45:00 AM, 4, 0, D:\Programs\Penjadwalan Produksi\Source Code\Penjadwalan Produksi old\New\Copy of Copy of Program PPIC SWG - DJG - SMG qrcode scan\Certificate.rpt:A date-time is required here.
31-05-2017, 9:45:07 AM, 4, 0, D:\Programs\Penjadwalan Produksi\Source Code\Penjadwalan Produksi old\New\Copy of Copy of Program PPIC SWG - DJG - SMG qrcode scan\Certificate.rpt:A date-time is required here.
31-05-2017, 9:49:09 AM, 4, 0, D:\Programs\Penjadwalan Produksi\Source Code\Penjadwalan Produksi old\New\Copy of Copy of Program PPIC SWG - DJG - SMG qrcode scan\Certificate.rpt:A date-time is required here.
